\BOOKMARK [0][-]{chapter.1}{Core features: imta\137core}{}% 1
\BOOKMARK [1][-]{section.1.1}{Introduction}{chapter.1}% 2
\BOOKMARK [1][-]{section.1.2}{Set up}{chapter.1}% 3
\BOOKMARK [1][-]{section.1.3}{Sectioning}{chapter.1}% 4
\BOOKMARK [2][-]{subsection.1.3.1}{imtaQuestion and imtaQuestionReset}{section.1.3}% 5
\BOOKMARK [2][-]{subsection.1.3.2}{subsubsubsection}{section.1.3}% 6
\BOOKMARK [2][-]{subsection.1.3.3}{chapter}{section.1.3}% 7
\BOOKMARK [1][-]{section.1.4}{Document styling}{chapter.1}% 8
\BOOKMARK [2][-]{subsection.1.4.1}{IMT Atlantique styling}{section.1.4}% 9
\BOOKMARK [3][-]{subsubsection.1.4.1.1}{Colors}{subsection.1.4.1}% 10
\BOOKMARK [3][-]{subsubsection.1.4.1.2}{imtaSetIMTStyle}{subsection.1.4.1}% 11
\BOOKMARK [3][-]{subsubsection.1.4.1.3}{The IMT Atlantique logo with imtaLogo and imtaLogoTikz}{subsection.1.4.1}% 12
\BOOKMARK [3][-]{subsubsection.1.4.1.4}{Front cover}{subsection.1.4.1}% 13
\BOOKMARK [3][-]{subsubsection.1.4.1.5}{Back cover}{subsection.1.4.1}% 14
\BOOKMARK [1][-]{section.1.5}{External dependancies}{chapter.1}% 15
\BOOKMARK [2][-]{subsection.1.5.1}{geometry}{section.1.5}% 16
\BOOKMARK [2][-]{subsection.1.5.2}{graphicx}{section.1.5}% 17
\BOOKMARK [2][-]{subsection.1.5.3}{fontenc}{section.1.5}% 18
\BOOKMARK [2][-]{subsection.1.5.4}{hyperref}{section.1.5}% 19
\BOOKMARK [2][-]{subsection.1.5.5}{inputenc}{section.1.5}% 20
\BOOKMARK [2][-]{subsection.1.5.6}{fancyhdr}{section.1.5}% 21
\BOOKMARK [2][-]{subsection.1.5.7}{tikz}{section.1.5}% 22
\BOOKMARK [2][-]{subsection.1.5.8}{titlesec}{section.1.5}% 23
\BOOKMARK [2][-]{subsection.1.5.9}{titling}{section.1.5}% 24
\BOOKMARK [2][-]{subsection.1.5.10}{anyfontsize}{section.1.5}% 25
\BOOKMARK [2][-]{subsection.1.5.11}{sectsty}{section.1.5}% 26
\BOOKMARK [2][-]{subsection.1.5.12}{etoolbox}{section.1.5}% 27
\BOOKMARK [2][-]{subsection.1.5.13}{hyphenat}{section.1.5}% 28
\BOOKMARK [2][-]{subsection.1.5.14}{footmisc}{section.1.5}% 29
\BOOKMARK [0][-]{chapter.2}{Additional features: imta\137extra}{}% 30
\BOOKMARK [1][-]{section.2.1}{Introduction}{chapter.2}% 31
\BOOKMARK [1][-]{section.2.2}{Set up}{chapter.2}% 32
\BOOKMARK [1][-]{section.2.3}{Document Styling}{chapter.2}% 33
\BOOKMARK [2][-]{subsection.2.3.1}{Code Colouring}{section.2.3}% 34
\BOOKMARK [2][-]{subsection.2.3.2}{Structuring List of Figures and Tables}{section.2.3}% 35
\BOOKMARK [2][-]{subsection.2.3.3}{Page numbering}{section.2.3}% 36
\BOOKMARK [1][-]{section.2.4}{External dependancies}{chapter.2}% 37
\BOOKMARK [2][-]{subsection.2.4.1}{anyfontsize}{section.2.4}% 38
\BOOKMARK [2][-]{subsection.2.4.2}{imta\137core}{section.2.4}% 39
\BOOKMARK [2][-]{subsection.2.4.3}{mdframed}{section.2.4}% 40
\BOOKMARK [2][-]{subsection.2.4.4}{minted}{section.2.4}% 41
